<?xml version="1.0" encoding="UTF-8"?>
<!-- Generated by org.testng.reporters.JUnitXMLReporter -->
<testsuite ignored="0" hostname="DESKTOP-QT4E40G" failures="0" tests="6" name="Test" time="0.082" errors="0" timestamp="2023-03-13T13:55:54 IST">
  <testcase classname="pipelineTests.Sample1" name="test11" time="0.014"/>
  <testcase classname="pipelineTests.Sample1" name="test12" time="0.002"/>
  <testcase classname="pipelineTests.Sample1" name="test13" time="0.001"/>
  <testcase classname="pipelineTests.Sample2" name="test14" time="0.002"/>
  <testcase classname="pipelineTests.Sample2" name="test15" time="0.002"/>
  <testcase classname="pipelineTests.Sample2" name="test16" time="0.001"/>
</testsuite> <!-- Test -->
