<?xml version="1.0" encoding="UTF-8"?>
<testng-results ignored="0" total="6" passed="6" failed="0" skipped="0">
  <reporter-output>
  </reporter-output>
  <suite started-at="2023-03-13T13:55:54 IST" name="Suite" finished-at="2023-03-13T13:55:54 IST" duration-ms="82">
    <groups>
    </groups>
    <test started-at="2023-03-13T13:55:54 IST" name="Test" finished-at="2023-03-13T13:55:54 IST" duration-ms="82">
      <class name="pipelineTests.Sample1">
        <test-method signature="test11()[pri:0, instance:pipelineTests.Sample1@1613674b]" started-at="2023-03-13T13:55:54 IST" name="test11" finished-at="2023-03-13T13:55:54 IST" duration-ms="14" status="PASS">
          <reporter-output>
          </reporter-output>
        </test-method> <!-- test11 -->
        <test-method signature="test12()[pri:0, instance:pipelineTests.Sample1@1613674b]" started-at="2023-03-13T13:55:54 IST" name="test12" finished-at="2023-03-13T13:55:54 IST" duration-ms="2" status="PASS">
          <reporter-output>
          </reporter-output>
        </test-method> <!-- test12 -->
        <test-method signature="test13()[pri:0, instance:pipelineTests.Sample1@1613674b]" started-at="2023-03-13T13:55:54 IST" name="test13" finished-at="2023-03-13T13:55:54 IST" duration-ms="1" status="PASS">
          <reporter-output>
          </reporter-output>
        </test-method> <!-- test13 -->
      </class> <!-- pipelineTests.Sample1 -->
      <class name="pipelineTests.Sample2">
        <test-method signature="test14()[pri:0, instance:pipelineTests.Sample2@29d89d5d]" started-at="2023-03-13T13:55:54 IST" name="test14" finished-at="2023-03-13T13:55:54 IST" duration-ms="2" status="PASS">
          <reporter-output>
          </reporter-output>
        </test-method> <!-- test14 -->
        <test-method signature="test15()[pri:0, instance:pipelineTests.Sample2@29d89d5d]" started-at="2023-03-13T13:55:54 IST" name="test15" finished-at="2023-03-13T13:55:54 IST" duration-ms="2" status="PASS">
          <reporter-output>
          </reporter-output>
        </test-method> <!-- test15 -->
        <test-method signature="test16()[pri:0, instance:pipelineTests.Sample2@29d89d5d]" started-at="2023-03-13T13:55:54 IST" name="test16" finished-at="2023-03-13T13:55:54 IST" duration-ms="1" status="PASS">
          <reporter-output>
          </reporter-output>
        </test-method> <!-- test16 -->
      </class> <!-- pipelineTests.Sample2 -->
    </test> <!-- Test -->
  </suite> <!-- Suite -->
</testng-results>
